<?xml version="1.0" encoding="UTF-8"?>
<testng-results ignored="0" total="9" passed="8" failed="1" skipped="0">
  <reporter-output>
  </reporter-output>
  <suite started-at="2022-08-30T17:41:37 IST" name="Default suite" finished-at="2022-08-30T17:41:37 IST" duration-ms="101">
    <groups>
      <group name="high">
        <method signature="Demo1.pim()[pri:4, instance:practise.Demo1@201a4587]" name="pim" class="practise.Demo1"/>
      </group> <!-- high -->
      <group name="low">
        <method signature="Demo1.setup()[pri:1, instance:practise.Demo1@201a4587]" name="setup" class="practise.Demo1"/>
      </group> <!-- low -->
      <group name="medium">
        <method signature="Demo1.search()[pri:3, instance:practise.Demo1@201a4587]" name="search" class="practise.Demo1"/>
      </group> <!-- medium -->
      <group name="low1">
        <method signature="Demo1.login()[pri:2, instance:practise.Demo1@201a4587]" name="login" class="practise.Demo1"/>
      </group> <!-- low1 -->
      <group name="superhigh">
        <method signature="Demo1.addEmploye()[pri:5, instance:practise.Demo1@201a4587]" name="addEmploye" class="practise.Demo1"/>
      </group> <!-- superhigh -->
    </groups>
    <test started-at="2022-08-30T17:41:37 IST" name="Default test" finished-at="2022-08-30T17:41:37 IST" duration-ms="101">
      <class name="practise.Demo1">
        <test-method is-config="true" signature="First()[pri:0, instance:practise.Demo1@201a4587]" started-at="2022-08-30T17:41:37 IST" name="First" finished-at="2022-08-30T17:41:37 IST" duration-ms="6" status="PASS">
          <reporter-output>
          </reporter-output>
        </test-method> <!-- First -->
        <test-method signature="setup()[pri:1, instance:practise.Demo1@201a4587]" started-at="2022-08-30T17:41:37 IST" name="setup" finished-at="2022-08-30T17:41:37 IST" duration-ms="4" status="PASS">
          <reporter-output>
          </reporter-output>
        </test-method> <!-- setup -->
        <test-method signature="login()[pri:2, instance:practise.Demo1@201a4587]" started-at="2022-08-30T17:41:37 IST" name="login" finished-at="2022-08-30T17:41:37 IST" duration-ms="8" status="FAIL">
          <exception class="java.lang.AssertionError">
            <message>
              <![CDATA[expected [false] but found [true]]]>
            </message>
            <full-stacktrace>
              <![CDATA[java.lang.AssertionError: expected [false] but found [true]
at org.testng.Assert.fail(Assert.java:99)
at org.testng.Assert.failNotEquals(Assert.java:1037)
at org.testng.Assert.assertEqualsImpl(Assert.java:140)
at org.testng.Assert.assertEquals(Assert.java:122)
at org.testng.Assert.assertEquals(Assert.java:819)
at org.testng.Assert.assertEquals(Assert.java:829)
at practise.Demo1.login(Demo1.java:21)
at java.base/jdk.internal.reflect.NativeMethodAccessorImpl.invoke0(Native Method)
at java.base/jdk.internal.reflect.NativeMethodAccessorImpl.invoke(NativeMethodAccessorImpl.java:77)
at java.base/jdk.internal.reflect.DelegatingMethodAccessorImpl.invoke(DelegatingMethodAccessorImpl.java:43)
at java.base/java.lang.reflect.Method.invoke(Method.java:568)
at org.testng.internal.MethodInvocationHelper.invokeMethod(MethodInvocationHelper.java:133)
at org.testng.internal.TestInvoker.invokeMethod(TestInvoker.java:598)
at org.testng.internal.TestInvoker.invokeTestMethod(TestInvoker.java:173)
at org.testng.internal.MethodRunner.runInSequence(MethodRunner.java:46)
at org.testng.internal.TestInvoker$MethodInvocationAgent.invoke(TestInvoker.java:824)
at org.testng.internal.TestInvoker.invokeTestMethods(TestInvoker.java:146)
at org.testng.internal.TestMethodWorker.invokeTestMethods(TestMethodWorker.java:146)
at org.testng.internal.TestMethodWorker.run(TestMethodWorker.java:128)
at java.base/java.util.ArrayList.forEach(ArrayList.java:1511)
at org.testng.TestRunner.privateRun(TestRunner.java:794)
at org.testng.TestRunner.run(TestRunner.java:596)
at org.testng.SuiteRunner.runTest(SuiteRunner.java:377)
at org.testng.SuiteRunner.runSequentially(SuiteRunner.java:371)
at org.testng.SuiteRunner.privateRun(SuiteRunner.java:332)
at org.testng.SuiteRunner.run(SuiteRunner.java:276)
at org.testng.SuiteRunnerWorker.runSuite(SuiteRunnerWorker.java:53)
at org.testng.SuiteRunnerWorker.run(SuiteRunnerWorker.java:96)
at org.testng.TestNG.runSuitesSequentially(TestNG.java:1212)
at org.testng.TestNG.runSuitesLocally(TestNG.java:1134)
at org.testng.TestNG.runSuites(TestNG.java:1063)
at org.testng.TestNG.run(TestNG.java:1031)
at org.testng.remote.AbstractRemoteTestNG.run(AbstractRemoteTestNG.java:115)
at org.testng.remote.RemoteTestNG.initAndRun(RemoteTestNG.java:251)
at org.testng.remote.RemoteTestNG.main(RemoteTestNG.java:77)
]]>
            </full-stacktrace>
          </exception> <!-- java.lang.AssertionError -->
          <reporter-output>
          </reporter-output>
        </test-method> <!-- login -->
        <test-method signature="search()[pri:3, instance:practise.Demo1@201a4587]" started-at="2022-08-30T17:41:37 IST" name="search" finished-at="2022-08-30T17:41:37 IST" duration-ms="5" status="PASS">
          <reporter-output>
          </reporter-output>
        </test-method> <!-- search -->
        <test-method signature="pim()[pri:4, instance:practise.Demo1@201a4587]" started-at="2022-08-30T17:41:37 IST" name="pim" finished-at="2022-08-30T17:41:37 IST" duration-ms="3" status="PASS">
          <reporter-output>
          </reporter-output>
        </test-method> <!-- pim -->
        <test-method signature="addEmploye()[pri:5, instance:practise.Demo1@201a4587]" started-at="2022-08-30T17:41:37 IST" name="addEmploye" finished-at="2022-08-30T17:41:37 IST" duration-ms="2" status="PASS">
          <reporter-output>
          </reporter-output>
        </test-method> <!-- addEmploye -->
        <test-method signature="addEmploye()[pri:5, instance:practise.Demo1@201a4587]" started-at="2022-08-30T17:41:37 IST" name="addEmploye" finished-at="2022-08-30T17:41:37 IST" duration-ms="2" status="PASS">
          <reporter-output>
          </reporter-output>
        </test-method> <!-- addEmploye -->
        <test-method signature="addEmploye()[pri:5, instance:practise.Demo1@201a4587]" started-at="2022-08-30T17:41:37 IST" name="addEmploye" finished-at="2022-08-30T17:41:37 IST" duration-ms="3" status="PASS">
          <reporter-output>
          </reporter-output>
        </test-method> <!-- addEmploye -->
        <test-method signature="addEmploye()[pri:5, instance:practise.Demo1@201a4587]" started-at="2022-08-30T17:41:37 IST" name="addEmploye" finished-at="2022-08-30T17:41:37 IST" duration-ms="2" status="PASS">
          <reporter-output>
          </reporter-output>
        </test-method> <!-- addEmploye -->
        <test-method signature="addEmploye()[pri:5, instance:practise.Demo1@201a4587]" started-at="2022-08-30T17:41:37 IST" name="addEmploye" finished-at="2022-08-30T17:41:37 IST" duration-ms="3" status="PASS">
          <reporter-output>
          </reporter-output>
        </test-method> <!-- addEmploye -->
        <test-method is-config="true" signature="End()[pri:0, instance:practise.Demo1@201a4587]" started-at="2022-08-30T17:41:37 IST" name="End" finished-at="2022-08-30T17:41:37 IST" duration-ms="0" status="PASS">
          <reporter-output>
          </reporter-output>
        </test-method> <!-- End -->
      </class> <!-- practise.Demo1 -->
    </test> <!-- Default test -->
  </suite> <!-- Default suite -->
</testng-results>
